<?xml version="1.0" encoding="UTF-8"?>
<!-- Generated by org.testng.reporters.JUnitReportReporter -->
<testsuite hostname="DESKTOP-SAS421D" failures="0" tests="1" name="org.example.testRunner.runners" time="9.180" errors="0" timestamp="2023-01-28T18:10:43 EET" skipped="0">
  <testcase classname="org.example.testRunner.runners" name="runScenario" time="9.180"/>
  <system-out/>
</testsuite> <!-- org.example.testRunner.runners -->
